<?xml version="1.0" encoding="UTF-8"?>
<coverage generated="1657729859925" clover="3.2.0">
    <project timestamp="1657729859925" name="All files">
        <metrics statements="60" coveredstatements="0" conditionals="25" coveredconditionals="0" methods="13"
                 coveredmethods="0" elements="98" coveredelements="0" complexity="0" loc="60" ncloc="60" packages="1"
                 files="4" classes="4"/>
        <file name="InputArray.ts" path="/Users/mdomozhakov/WebstormProjects/task/src/InputArray.ts">
            <metrics statements="12" coveredstatements="0" conditionals="5" coveredconditionals="0" methods="3"
                     coveredmethods="0"/>
            <line num="1" count="0" type="stmt"/>
            <line num="8" count="0" type="stmt"/>
            <line num="9" count="0" type="stmt"/>
            <line num="10" count="0" type="stmt"/>
            <line num="14" count="0" type="stmt"/>
            <line num="15" count="0" type="cond" truecount="0" falsecount="2"/>
            <line num="16" count="0" type="stmt"/>
            <line num="18" count="0" type="stmt"/>
            <line num="25" count="0" type="stmt"/>
            <line num="26" count="0" type="cond" truecount="0" falsecount="3"/>
            <line num="27" count="0" type="stmt"/>
            <line num="30" count="0" type="stmt"/>
        </file>
        <file name="Utils.ts" path="/Users/mdomozhakov/WebstormProjects/task/src/Utils.ts">
            <metrics statements="17" coveredstatements="0" conditionals="17" coveredconditionals="0" methods="8"
                     coveredmethods="0"/>
            <line num="1" count="0" type="stmt"/>
            <line num="11" count="0" type="stmt"/>
            <line num="14" count="0" type="stmt"/>
            <line num="18" count="0" type="stmt"/>
            <line num="22" count="0" type="stmt"/>
            <line num="26" count="0" type="cond" truecount="0" falsecount="2"/>
            <line num="27" count="0" type="cond" truecount="0" falsecount="1"/>
            <line num="28" count="0" type="stmt"/>
            <line num="33" count="0" type="cond" truecount="0" falsecount="4"/>
            <line num="39" count="0" type="cond" truecount="0" falsecount="2"/>
            <line num="40" count="0" type="stmt"/>
            <line num="42" count="0" type="cond" truecount="0" falsecount="5"/>
            <line num="43" count="0" type="stmt"/>
            <line num="45" count="0" type="stmt"/>
            <line num="47" count="0" type="stmt"/>
            <line num="51" count="0" type="cond" truecount="0" falsecount="2"/>
            <line num="56" count="0" type="cond" truecount="0" falsecount="1"/>
        </file>
        <file name="consts.ts" path="/Users/mdomozhakov/WebstormProjects/task/src/consts.ts">
            <metrics statements="8" coveredstatements="0" conditionals="0" coveredconditionals="0" methods="0"
                     coveredmethods="0"/>
            <line num="1" count="0" type="stmt"/>
            <line num="2" count="0" type="stmt"/>
            <line num="3" count="0" type="stmt"/>
            <line num="4" count="0" type="stmt"/>
            <line num="5" count="0" type="stmt"/>
            <line num="6" count="0" type="stmt"/>
            <line num="7" count="0" type="stmt"/>
            <line num="8" count="0" type="stmt"/>
        </file>
        <file name="index.ts" path="/Users/mdomozhakov/WebstormProjects/task/src/index.ts">
            <metrics statements="23" coveredstatements="0" conditionals="3" coveredconditionals="0" methods="2"
                     coveredmethods="0"/>
            <line num="1" count="0" type="stmt"/>
            <line num="2" count="0" type="stmt"/>
            <line num="3" count="0" type="stmt"/>
            <line num="4" count="0" type="stmt"/>
            <line num="7" count="0" type="stmt"/>
            <line num="8" count="0" type="stmt"/>
            <line num="10" count="0" type="stmt"/>
            <line num="12" count="0" type="stmt"/>
            <line num="15" count="0" type="cond" truecount="0" falsecount="2"/>
            <line num="16" count="0" type="stmt"/>
            <line num="18" count="0" type="stmt"/>
            <line num="20" count="0" type="stmt"/>
            <line num="22" count="0" type="cond" truecount="0" falsecount="1"/>
            <line num="24" count="0" type="stmt"/>
            <line num="26" count="0" type="stmt"/>
            <line num="29" count="0" type="stmt"/>
            <line num="30" count="0" type="stmt"/>
            <line num="32" count="0" type="stmt"/>
            <line num="33" count="0" type="stmt"/>
            <line num="36" count="0" type="stmt"/>
            <line num="37" count="0" type="stmt"/>
            <line num="42" count="0" type="stmt"/>
            <line num="45" count="0" type="stmt"/>
        </file>
    </project>
</coverage>
