{"/Users/mdomozhakov/WebstormProjects/task/src/InputArray.ts": {"path":"/Users/mdomozhakov/WebstormProjects/task/src/InputArray.ts","statementMap":{"0":{"start":{"line":7,"column":4},"end":{"line":7,"column":25}},"1":{"start":{"line":8,"column":4},"end":{"line":8,"column":44}},"2":{"start":{"line":9,"column":4},"end":{"line":9,"column":26}},"3":{"start":{"line":13,"column":4},"end":{"line":19,"column":null}},"4":{"start":{"line":14,"column":6},"end":{"line":18,"column":null}},"5":{"start":{"line":15,"column":8},"end":{"line":15,"column":63}},"6":{"start":{"line":17,"column":8},"end":{"line":17,"column":36}},"7":{"start":{"line":23,"column":4},"end":{"line":27,"column":null}},"8":{"start":{"line":24,"column":6},"end":{"line":26,"column":null}},"9":{"start":{"line":25,"column":8},"end":{"line":25,"column":21}},"10":{"start":{"line":28,"column":4},"end":{"line":28,"column":16}},"11":{"start":{"line":1,"column":0},"end":{"line":1,"column":13}}},"fnMap":{"0":{"name":"(anonymous_0)","decl":{"start":{"line":6,"column":2},"end":{"line":6,"column":14}},"loc":{"start":{"line":6,"column":50},"end":{"line":10,"column":3}}},"1":{"name":"(anonymous_1)","decl":{"start":{"line":12,"column":2},"end":{"line":12,"column":11}},"loc":{"start":{"line":12,"column":32},"end":{"line":20,"column":3}}},"2":{"name":"(anonymous_2)","decl":{"start":{"line":22,"column":2},"end":{"line":22,"column":28}},"loc":{"start":{"line":22,"column":44},"end":{"line":29,"column":3}}}},"branchMap":{"0":{"loc":{"start":{"line":14,"column":6},"end":{"line":18,"column":null}},"type":"if","locations":[{"start":{"line":14,"column":6},"end":{"line":18,"column":null}},{"start":{"line":16,"column":13},"end":{"line":18,"column":null}}]},"1":{"loc":{"start":{"line":24,"column":6},"end":{"line":26,"column":null}},"type":"if","locations":[{"start":{"line":24,"column":6},"end":{"line":26,"column":null}}]},"2":{"loc":{"start":{"line":24,"column":10},"end":{"line":24,"column":61}},"type":"binary-expr","locations":[{"start":{"line":24,"column":10},"end":{"line":24,"column":30}},{"start":{"line":24,"column":34},"end":{"line":24,"column":61}}]}},"s":{"0":0,"1":0,"2":0,"3":0,"4":0,"5":0,"6":0,"7":0,"8":0,"9":0,"10":0,"11":1},"f":{"0":0,"1":0,"2":0},"b":{"0":[0,0],"1":[0],"2":[0,0]}}
,"/Users/mdomozhakov/WebstormProjects/task/src/Utils.ts": {"path":"/Users/mdomozhakov/WebstormProjects/task/src/Utils.ts","statementMap":{"0":{"start":{"line":1,"column":0},"end":{"line":1,"column":null}},"1":{"start":{"line":13,"column":4},"end":{"line":13,"column":40}},"2":{"start":{"line":17,"column":4},"end":{"line":22,"column":6}},"3":{"start":{"line":26,"column":4},"end":{"line":31,"column":6}},"4":{"start":{"line":40,"column":19},"end":{"line":40,"column":45}},"5":{"start":{"line":41,"column":4},"end":{"line":41,"column":42}},"6":{"start":{"line":41,"column":16},"end":{"line":41,"column":42}},"7":{"start":{"line":42,"column":4},"end":{"line":42,"column":19}},"8":{"start":{"line":48,"column":4},"end":{"line":53,"column":6}},"9":{"start":{"line":57,"column":4},"end":{"line":68,"column":42}},"10":{"start":{"line":58,"column":6},"end":{"line":58,"column":38}},"11":{"start":{"line":60,"column":9},"end":{"line":68,"column":42}},"12":{"start":{"line":65,"column":6},"end":{"line":65,"column":38}},"13":{"start":{"line":67,"column":6},"end":{"line":67,"column":54}},"14":{"start":{"line":68,"column":11},"end":{"line":68,"column":42}},"15":{"start":{"line":72,"column":4},"end":{"line":72,"column":35}},"16":{"start":{"line":77,"column":4},"end":{"line":77,"column":65}},"17":{"start":{"line":77,"column":27},"end":{"line":77,"column":65}},"18":{"start":{"line":11,"column":0},"end":{"line":11,"column":13}}},"fnMap":{"0":{"name":"(anonymous_0)","decl":{"start":{"line":12,"column":2},"end":{"line":12,"column":8}},"loc":{"start":{"line":12,"column":40},"end":{"line":14,"column":3}}},"1":{"name":"(anonymous_1)","decl":{"start":{"line":16,"column":2},"end":{"line":16,"column":8}},"loc":{"start":{"line":16,"column":41},"end":{"line":23,"column":3}}},"2":{"name":"(anonymous_2)","decl":{"start":{"line":25,"column":2},"end":{"line":25,"column":8}},"loc":{"start":{"line":25,"column":40},"end":{"line":32,"column":3}}},"3":{"name":"(anonymous_3)","decl":{"start":{"line":34,"column":2},"end":{"line":34,"column":8}},"loc":{"start":{"line":38,"column":22},"end":{"line":43,"column":3}}},"4":{"name":"(anonymous_4)","decl":{"start":{"line":46,"column":2},"end":{"line":46,"column":8}},"loc":{"start":{"line":46,"column":49},"end":{"line":54,"column":3}}},"5":{"name":"(anonymous_5)","decl":{"start":{"line":56,"column":2},"end":{"line":56,"column":8}},"loc":{"start":{"line":56,"column":64},"end":{"line":69,"column":3}}},"6":{"name":"(anonymous_6)","decl":{"start":{"line":71,"column":2},"end":{"line":71,"column":8}},"loc":{"start":{"line":71,"column":42},"end":{"line":73,"column":3}}},"7":{"name":"(anonymous_7)","decl":{"start":{"line":76,"column":2},"end":{"line":76,"column":8}},"loc":{"start":{"line":76,"column":61},"end":{"line":78,"column":3}}}},"branchMap":{"0":{"loc":{"start":{"line":40,"column":19},"end":{"line":40,"column":45}},"type":"binary-expr","locations":[{"start":{"line":40,"column":19},"end":{"line":40,"column":30}},{"start":{"line":40,"column":34},"end":{"line":40,"column":45}}]},"1":{"loc":{"start":{"line":41,"column":4},"end":{"line":41,"column":42}},"type":"if","locations":[{"start":{"line":41,"column":4},"end":{"line":41,"column":42}}]},"2":{"loc":{"start":{"line":49,"column":6},"end":{"line":52,"column":56}},"type":"binary-expr","locations":[{"start":{"line":49,"column":6},"end":{"line":49,"column":22}},{"start":{"line":50,"column":6},"end":{"line":50,"column":29}},{"start":{"line":51,"column":6},"end":{"line":51,"column":40}},{"start":{"line":52,"column":6},"end":{"line":52,"column":56}}]},"3":{"loc":{"start":{"line":57,"column":4},"end":{"line":68,"column":42}},"type":"if","locations":[{"start":{"line":57,"column":4},"end":{"line":68,"column":42}},{"start":{"line":60,"column":9},"end":{"line":68,"column":42}}]},"4":{"loc":{"start":{"line":60,"column":9},"end":{"line":68,"column":42}},"type":"if","locations":[{"start":{"line":60,"column":9},"end":{"line":68,"column":42}},{"start":{"line":68,"column":11},"end":{"line":68,"column":42}}]},"5":{"loc":{"start":{"line":61,"column":6},"end":{"line":63,"column":48}},"type":"binary-expr","locations":[{"start":{"line":61,"column":6},"end":{"line":61,"column":33}},{"start":{"line":62,"column":6},"end":{"line":62,"column":45}},{"start":{"line":63,"column":6},"end":{"line":63,"column":48}}]},"6":{"loc":{"start":{"line":72,"column":11},"end":{"line":72,"column":34}},"type":"cond-expr","locations":[{"start":{"line":72,"column":18},"end":{"line":72,"column":24}},{"start":{"line":72,"column":27},"end":{"line":72,"column":34}}]},"7":{"loc":{"start":{"line":77,"column":4},"end":{"line":77,"column":65}},"type":"if","locations":[{"start":{"line":77,"column":4},"end":{"line":77,"column":65}}]}},"s":{"0":1,"1":0,"2":0,"3":0,"4":0,"5":0,"6":0,"7":0,"8":0,"9":0,"10":0,"11":0,"12":0,"13":0,"14":0,"15":0,"16":0,"17":0,"18":1},"f":{"0":0,"1":0,"2":0,"3":0,"4":0,"5":0,"6":0,"7":0},"b":{"0":[0,0],"1":[0],"2":[0,0,0,0],"3":[0,0],"4":[0,0],"5":[0,0,0],"6":[0,0],"7":[0]}}
,"/Users/mdomozhakov/WebstormProjects/task/src/consts.ts": {"path":"/Users/mdomozhakov/WebstormProjects/task/src/consts.ts","statementMap":{"0":{"start":{"line":1,"column":13},"end":{"line":1,"column":34}},"1":{"start":{"line":2,"column":13},"end":{"line":2,"column":40}},"2":{"start":{"line":3,"column":13},"end":{"line":3,"column":33}},"3":{"start":{"line":4,"column":13},"end":{"line":4,"column":45}},"4":{"start":{"line":5,"column":13},"end":{"line":5,"column":71}},"5":{"start":{"line":6,"column":13},"end":{"line":6,"column":59}},"6":{"start":{"line":7,"column":13},"end":{"line":7,"column":57}},"7":{"start":{"line":8,"column":13},"end":{"line":8,"column":63}}},"fnMap":{},"branchMap":{},"s":{"0":1,"1":1,"2":1,"3":1,"4":1,"5":1,"6":1,"7":1},"f":{},"b":{}}
,"/Users/mdomozhakov/WebstormProjects/task/src/index.ts": {"path":"/Users/mdomozhakov/WebstormProjects/task/src/index.ts","statementMap":{"0":{"start":{"line":1,"column":0},"end":{"line":1,"column":37}},"1":{"start":{"line":2,"column":0},"end":{"line":2,"column":32}},"2":{"start":{"line":3,"column":0},"end":{"line":3,"column":42}},"3":{"start":{"line":4,"column":0},"end":{"line":4,"column":45}},"4":{"start":{"line":6,"column":20},"end":{"line":41,"column":1}},"5":{"start":{"line":7,"column":11},"end":{"line":7,"column":66}},"6":{"start":{"line":9,"column":33},"end":{"line":9,"column":35}},"7":{"start":{"line":11,"column":2},"end":{"line":40,"column":5}},"8":{"start":{"line":13,"column":4},"end":{"line":39,"column":44}},"9":{"start":{"line":14,"column":26},"end":{"line":14,"column":44}},"10":{"start":{"line":16,"column":6},"end":{"line":16,"column":63}},"11":{"start":{"line":18,"column":6},"end":{"line":18,"column":41}},"12":{"start":{"line":20,"column":6},"end":{"line":38,"column":null}},"13":{"start":{"line":21,"column":27},"end":{"line":21,"column":44}},"14":{"start":{"line":23,"column":27},"end":{"line":23,"column":64}},"15":{"start":{"line":26,"column":21},"end":{"line":26,"column":67}},"16":{"start":{"line":27,"column":21},"end":{"line":27,"column":64}},"17":{"start":{"line":29,"column":19},"end":{"line":29,"column":55}},"18":{"start":{"line":30,"column":19},"end":{"line":30,"column":55}},"19":{"start":{"line":33,"column":8},"end":{"line":35,"column":10}},"20":{"start":{"line":36,"column":8},"end":{"line":36,"column":19}},"21":{"start":{"line":39,"column":11},"end":{"line":39,"column":44}},"22":{"start":{"line":6,"column":13},"end":{"line":6,"column":20}},"23":{"start":{"line":42,"column":0},"end":{"line":42,"column":7}}},"fnMap":{"0":{"name":"(anonymous_6)","decl":{"start":{"line":6,"column":20},"end":{"line":6,"column":29}},"loc":{"start":{"line":6,"column":31},"end":{"line":41,"column":1}}},"1":{"name":"(anonymous_7)","decl":{"start":{"line":11,"column":16},"end":{"line":11,"column":26}},"loc":{"start":{"line":11,"column":30},"end":{"line":40,"column":3}}}},"branchMap":{"0":{"loc":{"start":{"line":13,"column":4},"end":{"line":39,"column":44}},"type":"if","locations":[{"start":{"line":13,"column":4},"end":{"line":39,"column":44}},{"start":{"line":39,"column":11},"end":{"line":39,"column":44}}]},"1":{"loc":{"start":{"line":20,"column":6},"end":{"line":38,"column":null}},"type":"if","locations":[{"start":{"line":20,"column":6},"end":{"line":38,"column":null}}]}},"s":{"0":1,"1":1,"2":1,"3":1,"4":1,"5":1,"6":1,"7":1,"8":0,"9":0,"10":0,"11":0,"12":0,"13":0,"14":0,"15":0,"16":0,"17":0,"18":0,"19":0,"20":0,"21":0,"22":1,"23":1},"f":{"0":1,"1":0},"b":{"0":[0,0],"1":[0]}}
}
