{
  "/Users/mdomozhakov/WebstormProjects/task/src/InputArray.ts": {
    "path": "/Users/mdomozhakov/WebstormProjects/task/src/InputArray.ts",
    "statementMap": {
      "0": {
        "start": {
          "line": 8,
          "column": 8
        },
        "end": {
          "line": 8,
          "column": null
        }
      },
      "1": {
        "start": {
          "line": 9,
          "column": 8
        },
        "end": {
          "line": 9,
          "column": 46
        }
      },
      "2": {
        "start": {
          "line": 10,
          "column": 8
        },
        "end": {
          "line": 10,
          "column": 30
        }
      },
      "3": {
        "start": {
          "line": 14,
          "column": 8
        },
        "end": {
          "line": 20,
          "column": null
        }
      },
      "4": {
        "start": {
          "line": 15,
          "column": 12
        },
        "end": {
          "line": 19,
          "column": null
        }
      },
      "5": {
        "start": {
          "line": 16,
          "column": 16
        },
        "end": {
          "line": 16,
          "column": 71
        }
      },
      "6": {
        "start": {
          "line": 18,
          "column": 16
        },
        "end": {
          "line": 18,
          "column": 44
        }
      },
      "7": {
        "start": {
          "line": 25,
          "column": 8
        },
        "end": {
          "line": 29,
          "column": null
        }
      },
      "8": {
        "start": {
          "line": 26,
          "column": 12
        },
        "end": {
          "line": 28,
          "column": null
        }
      },
      "9": {
        "start": {
          "line": 27,
          "column": 16
        },
        "end": {
          "line": 27,
          "column": 29
        }
      },
      "10": {
        "start": {
          "line": 30,
          "column": 8
        },
        "end": {
          "line": 30,
          "column": 20
        }
      },
      "11": {
        "start": {
          "line": 1,
          "column": 0
        },
        "end": {
          "line": 1,
          "column": 13
        }
      }
    },
    "fnMap": {
      "0": {
        "name": "(anonymous_0)",
        "decl": {
          "start": {
            "line": 7,
            "column": 4
          },
          "end": {
            "line": 7,
            "column": 16
          }
        },
        "loc": {
          "start": {
            "line": 7,
            "column": 52
          },
          "end": {
            "line": 11,
            "column": 5
          }
        }
      },
      "1": {
        "name": "(anonymous_1)",
        "decl": {
          "start": {
            "line": 13,
            "column": 4
          },
          "end": {
            "line": 13,
            "column": 13
          }
        },
        "loc": {
          "start": {
            "line": 13,
            "column": 35
          },
          "end": {
            "line": 21,
            "column": 5
          }
        }
      },
      "2": {
        "name": "(anonymous_2)",
        "decl": {
          "start": {
            "line": 23,
            "column": 4
          },
          "end": {
            "line": 23,
            "column": 30
          }
        },
        "loc": {
          "start": {
            "line": 23,
            "column": 46
          },
          "end": {
            "line": 32,
            "column": 5
          }
        }
      }
    },
    "branchMap": {
      "0": {
        "loc": {
          "start": {
            "line": 15,
            "column": 12
          },
          "end": {
            "line": 19,
            "column": null
          }
        },
        "type": "if",
        "locations": [
          {
            "start": {
              "line": 15,
              "column": 12
            },
            "end": {
              "line": 19,
              "column": null
            }
          },
          {
            "start": {
              "line": 17,
              "column": 19
            },
            "end": {
              "line": 19,
              "column": null
            }
          }
        ]
      },
      "1": {
        "loc": {
          "start": {
            "line": 26,
            "column": 12
          },
          "end": {
            "line": 28,
            "column": null
          }
        },
        "type": "if",
        "locations": [
          {
            "start": {
              "line": 26,
              "column": 12
            },
            "end": {
              "line": 28,
              "column": null
            }
          }
        ]
      },
      "2": {
        "loc": {
          "start": {
            "line": 26,
            "column": 16
          },
          "end": {
            "line": 26,
            "column": 67
          }
        },
        "type": "binary-expr",
        "locations": [
          {
            "start": {
              "line": 26,
              "column": 16
            },
            "end": {
              "line": 26,
              "column": 36
            }
          },
          {
            "start": {
              "line": 26,
              "column": 40
            },
            "end": {
              "line": 26,
              "column": 67
            }
          }
        ]
      }
    },
    "s": {
      "0": 0,
      "1": 0,
      "2": 0,
      "3": 0,
      "4": 0,
      "5": 0,
      "6": 0,
      "7": 0,
      "8": 0,
      "9": 0,
      "10": 0,
      "11": 0
    },
    "f": {
      "0": 0,
      "1": 0,
      "2": 0
    },
    "b": {
      "0": [
        0,
        0
      ],
      "1": [
        0
      ],
      "2": [
        0,
        0
      ]
    }
  },
  "/Users/mdomozhakov/WebstormProjects/task/src/Utils.ts": {
    "path": "/Users/mdomozhakov/WebstormProjects/task/src/Utils.ts",
    "statementMap": {
      "0": {
        "start": {
          "line": 1,
          "column": 0
        },
        "end": {
          "line": 1,
          "column": null
        }
      },
      "1": {
        "start": {
          "line": 14,
          "column": 8
        },
        "end": {
          "line": 14,
          "column": 44
        }
      },
      "2": {
        "start": {
          "line": 18,
          "column": 8
        },
        "end": {
          "line": 18,
          "column": null
        }
      },
      "3": {
        "start": {
          "line": 22,
          "column": 8
        },
        "end": {
          "line": 22,
          "column": null
        }
      },
      "4": {
        "start": {
          "line": 26,
          "column": 23
        },
        "end": {
          "line": 26,
          "column": 49
        }
      },
      "5": {
        "start": {
          "line": 27,
          "column": 8
        },
        "end": {
          "line": 27,
          "column": 46
        }
      },
      "6": {
        "start": {
          "line": 27,
          "column": 20
        },
        "end": {
          "line": 27,
          "column": 46
        }
      },
      "7": {
        "start": {
          "line": 28,
          "column": 8
        },
        "end": {
          "line": 28,
          "column": 23
        }
      },
      "8": {
        "start": {
          "line": 33,
          "column": 8
        },
        "end": {
          "line": 36,
          "column": 63
        }
      },
      "9": {
        "start": {
          "line": 39,
          "column": 8
        },
        "end": {
          "line": 47,
          "column": 43
        }
      },
      "10": {
        "start": {
          "line": 40,
          "column": 12
        },
        "end": {
          "line": 40,
          "column": 44
        }
      },
      "11": {
        "start": {
          "line": 42,
          "column": 13
        },
        "end": {
          "line": 47,
          "column": 43
        }
      },
      "12": {
        "start": {
          "line": 43,
          "column": 12
        },
        "end": {
          "line": 43,
          "column": 44
        }
      },
      "13": {
        "start": {
          "line": 45,
          "column": 12
        },
        "end": {
          "line": 45,
          "column": null
        }
      },
      "14": {
        "start": {
          "line": 47,
          "column": 12
        },
        "end": {
          "line": 47,
          "column": 43
        }
      },
      "15": {
        "start": {
          "line": 51,
          "column": 8
        },
        "end": {
          "line": 51,
          "column": 41
        }
      },
      "16": {
        "start": {
          "line": 56,
          "column": 8
        },
        "end": {
          "line": 56,
          "column": 67
        }
      },
      "17": {
        "start": {
          "line": 56,
          "column": 29
        },
        "end": {
          "line": 56,
          "column": 67
        }
      },
      "18": {
        "start": {
          "line": 11,
          "column": 0
        },
        "end": {
          "line": 11,
          "column": 13
        }
      }
    },
    "fnMap": {
      "0": {
        "name": "(anonymous_0)",
        "decl": {
          "start": {
            "line": 13,
            "column": 4
          },
          "end": {
            "line": 13,
            "column": 10
          }
        },
        "loc": {
          "start": {
            "line": 13,
            "column": 41
          },
          "end": {
            "line": 15,
            "column": 5
          }
        }
      },
      "1": {
        "name": "(anonymous_1)",
        "decl": {
          "start": {
            "line": 17,
            "column": 4
          },
          "end": {
            "line": 17,
            "column": 10
          }
        },
        "loc": {
          "start": {
            "line": 17,
            "column": 42
          },
          "end": {
            "line": 19,
            "column": 5
          }
        }
      },
      "2": {
        "name": "(anonymous_2)",
        "decl": {
          "start": {
            "line": 21,
            "column": 4
          },
          "end": {
            "line": 21,
            "column": 10
          }
        },
        "loc": {
          "start": {
            "line": 21,
            "column": 41
          },
          "end": {
            "line": 23,
            "column": 5
          }
        }
      },
      "3": {
        "name": "(anonymous_3)",
        "decl": {
          "start": {
            "line": 25,
            "column": 4
          },
          "end": {
            "line": 25,
            "column": 10
          }
        },
        "loc": {
          "start": {
            "line": 25,
            "column": 84
          },
          "end": {
            "line": 29,
            "column": 5
          }
        }
      },
      "4": {
        "name": "(anonymous_4)",
        "decl": {
          "start": {
            "line": 31,
            "column": 4
          },
          "end": {
            "line": 31,
            "column": 10
          }
        },
        "loc": {
          "start": {
            "line": 31,
            "column": 51
          },
          "end": {
            "line": 37,
            "column": 5
          }
        }
      },
      "5": {
        "name": "(anonymous_5)",
        "decl": {
          "start": {
            "line": 38,
            "column": 4
          },
          "end": {
            "line": 38,
            "column": 10
          }
        },
        "loc": {
          "start": {
            "line": 38,
            "column": 65
          },
          "end": {
            "line": 48,
            "column": 5
          }
        }
      },
      "6": {
        "name": "(anonymous_6)",
        "decl": {
          "start": {
            "line": 50,
            "column": 4
          },
          "end": {
            "line": 50,
            "column": 10
          }
        },
        "loc": {
          "start": {
            "line": 50,
            "column": 44
          },
          "end": {
            "line": 52,
            "column": 5
          }
        }
      },
      "7": {
        "name": "(anonymous_7)",
        "decl": {
          "start": {
            "line": 55,
            "column": 4
          },
          "end": {
            "line": 55,
            "column": 10
          }
        },
        "loc": {
          "start": {
            "line": 55,
            "column": 62
          },
          "end": {
            "line": 57,
            "column": 5
          }
        }
      }
    },
    "branchMap": {
      "0": {
        "loc": {
          "start": {
            "line": 26,
            "column": 23
          },
          "end": {
            "line": 26,
            "column": 49
          }
        },
        "type": "binary-expr",
        "locations": [
          {
            "start": {
              "line": 26,
              "column": 23
            },
            "end": {
              "line": 26,
              "column": 34
            }
          },
          {
            "start": {
              "line": 26,
              "column": 38
            },
            "end": {
              "line": 26,
              "column": 49
            }
          }
        ]
      },
      "1": {
        "loc": {
          "start": {
            "line": 27,
            "column": 8
          },
          "end": {
            "line": 27,
            "column": 46
          }
        },
        "type": "if",
        "locations": [
          {
            "start": {
              "line": 27,
              "column": 8
            },
            "end": {
              "line": 27,
              "column": 46
            }
          }
        ]
      },
      "2": {
        "loc": {
          "start": {
            "line": 33,
            "column": 16
          },
          "end": {
            "line": 36,
            "column": 62
          }
        },
        "type": "binary-expr",
        "locations": [
          {
            "start": {
              "line": 33,
              "column": 16
            },
            "end": {
              "line": 33,
              "column": 32
            }
          },
          {
            "start": {
              "line": 34,
              "column": 12
            },
            "end": {
              "line": 34,
              "column": 35
            }
          },
          {
            "start": {
              "line": 35,
              "column": 12
            },
            "end": {
              "line": 35,
              "column": 46
            }
          },
          {
            "start": {
              "line": 36,
              "column": 12
            },
            "end": {
              "line": 36,
              "column": 62
            }
          }
        ]
      },
      "3": {
        "loc": {
          "start": {
            "line": 39,
            "column": 8
          },
          "end": {
            "line": 47,
            "column": 43
          }
        },
        "type": "if",
        "locations": [
          {
            "start": {
              "line": 39,
              "column": 8
            },
            "end": {
              "line": 47,
              "column": 43
            }
          },
          {
            "start": {
              "line": 42,
              "column": 13
            },
            "end": {
              "line": 47,
              "column": 43
            }
          }
        ]
      },
      "4": {
        "loc": {
          "start": {
            "line": 42,
            "column": 13
          },
          "end": {
            "line": 47,
            "column": 43
          }
        },
        "type": "if",
        "locations": [
          {
            "start": {
              "line": 42,
              "column": 13
            },
            "end": {
              "line": 47,
              "column": 43
            }
          },
          {
            "start": {
              "line": 47,
              "column": 12
            },
            "end": {
              "line": 47,
              "column": 43
            }
          }
        ]
      },
      "5": {
        "loc": {
          "start": {
            "line": 42,
            "column": 17
          },
          "end": {
            "line": 42,
            "column": 131
          }
        },
        "type": "binary-expr",
        "locations": [
          {
            "start": {
              "line": 42,
              "column": 17
            },
            "end": {
              "line": 42,
              "column": 44
            }
          },
          {
            "start": {
              "line": 42,
              "column": 48
            },
            "end": {
              "line": 42,
              "column": 87
            }
          },
          {
            "start": {
              "line": 42,
              "column": 91
            },
            "end": {
              "line": 42,
              "column": 131
            }
          }
        ]
      },
      "6": {
        "loc": {
          "start": {
            "line": 51,
            "column": 15
          },
          "end": {
            "line": 51,
            "column": 40
          }
        },
        "type": "cond-expr",
        "locations": [
          {
            "start": {
              "line": 51,
              "column": 24
            },
            "end": {
              "line": 51,
              "column": 30
            }
          },
          {
            "start": {
              "line": 51,
              "column": 33
            },
            "end": {
              "line": 51,
              "column": 40
            }
          }
        ]
      },
      "7": {
        "loc": {
          "start": {
            "line": 56,
            "column": 8
          },
          "end": {
            "line": 56,
            "column": 67
          }
        },
        "type": "if",
        "locations": [
          {
            "start": {
              "line": 56,
              "column": 8
            },
            "end": {
              "line": 56,
              "column": 67
            }
          }
        ]
      }
    },
    "s": {
      "0": 0,
      "1": 0,
      "2": 0,
      "3": 0,
      "4": 0,
      "5": 0,
      "6": 0,
      "7": 0,
      "8": 0,
      "9": 0,
      "10": 0,
      "11": 0,
      "12": 0,
      "13": 0,
      "14": 0,
      "15": 0,
      "16": 0,
      "17": 0,
      "18": 0
    },
    "f": {
      "0": 0,
      "1": 0,
      "2": 0,
      "3": 0,
      "4": 0,
      "5": 0,
      "6": 0,
      "7": 0
    },
    "b": {
      "0": [
        0,
        0
      ],
      "1": [
        0
      ],
      "2": [
        0,
        0,
        0,
        0
      ],
      "3": [
        0,
        0
      ],
      "4": [
        0,
        0
      ],
      "5": [
        0,
        0,
        0
      ],
      "6": [
        0,
        0
      ],
      "7": [
        0
      ]
    }
  },
  "/Users/mdomozhakov/WebstormProjects/task/src/consts.ts": {
    "path": "/Users/mdomozhakov/WebstormProjects/task/src/consts.ts",
    "statementMap": {
      "0": {
        "start": {
          "line": 1,
          "column": 13
        },
        "end": {
          "line": 1,
          "column": 34
        }
      },
      "1": {
        "start": {
          "line": 2,
          "column": 13
        },
        "end": {
          "line": 2,
          "column": 40
        }
      },
      "2": {
        "start": {
          "line": 3,
          "column": 13
        },
        "end": {
          "line": 3,
          "column": 33
        }
      },
      "3": {
        "start": {
          "line": 4,
          "column": 13
        },
        "end": {
          "line": 4,
          "column": 45
        }
      },
      "4": {
        "start": {
          "line": 5,
          "column": 13
        },
        "end": {
          "line": 5,
          "column": 71
        }
      },
      "5": {
        "start": {
          "line": 6,
          "column": 13
        },
        "end": {
          "line": 6,
          "column": 59
        }
      },
      "6": {
        "start": {
          "line": 7,
          "column": 13
        },
        "end": {
          "line": 7,
          "column": 57
        }
      },
      "7": {
        "start": {
          "line": 8,
          "column": 13
        },
        "end": {
          "line": 8,
          "column": 63
        }
      }
    },
    "fnMap": {},
    "branchMap": {},
    "s": {
      "0": 0,
      "1": 0,
      "2": 0,
      "3": 0,
      "4": 0,
      "5": 0,
      "6": 0,
      "7": 0
    },
    "f": {},
    "b": {}
  },
  "/Users/mdomozhakov/WebstormProjects/task/src/index.ts": {
    "path": "/Users/mdomozhakov/WebstormProjects/task/src/index.ts",
    "statementMap": {
      "0": {
        "start": {
          "line": 1,
          "column": 0
        },
        "end": {
          "line": 1,
          "column": 37
        }
      },
      "1": {
        "start": {
          "line": 2,
          "column": 0
        },
        "end": {
          "line": 2,
          "column": 30
        }
      },
      "2": {
        "start": {
          "line": 3,
          "column": 0
        },
        "end": {
          "line": 3,
          "column": 40
        }
      },
      "3": {
        "start": {
          "line": 4,
          "column": 0
        },
        "end": {
          "line": 4,
          "column": 43
        }
      },
      "4": {
        "start": {
          "line": 7,
          "column": 20
        },
        "end": {
          "line": 44,
          "column": 1
        }
      },
      "5": {
        "start": {
          "line": 8,
          "column": 13
        },
        "end": {
          "line": 8,
          "column": 67
        }
      },
      "6": {
        "start": {
          "line": 10,
          "column": 34
        },
        "end": {
          "line": 10,
          "column": 36
        }
      },
      "7": {
        "start": {
          "line": 12,
          "column": 4
        },
        "end": {
          "line": 43,
          "column": 7
        }
      },
      "8": {
        "start": {
          "line": 15,
          "column": 8
        },
        "end": {
          "line": 42,
          "column": 45
        }
      },
      "9": {
        "start": {
          "line": 16,
          "column": 32
        },
        "end": {
          "line": 16,
          "column": 50
        }
      },
      "10": {
        "start": {
          "line": 18,
          "column": 12
        },
        "end": {
          "line": 18,
          "column": 69
        }
      },
      "11": {
        "start": {
          "line": 20,
          "column": 12
        },
        "end": {
          "line": 20,
          "column": 47
        }
      },
      "12": {
        "start": {
          "line": 22,
          "column": 12
        },
        "end": {
          "line": 39,
          "column": null
        }
      },
      "13": {
        "start": {
          "line": 24,
          "column": 35
        },
        "end": {
          "line": 24,
          "column": 52
        }
      },
      "14": {
        "start": {
          "line": 26,
          "column": 35
        },
        "end": {
          "line": 26,
          "column": 70
        }
      },
      "15": {
        "start": {
          "line": 29,
          "column": 29
        },
        "end": {
          "line": 29,
          "column": 72
        }
      },
      "16": {
        "start": {
          "line": 30,
          "column": 29
        },
        "end": {
          "line": 30,
          "column": 70
        }
      },
      "17": {
        "start": {
          "line": 32,
          "column": 27
        },
        "end": {
          "line": 32,
          "column": 63
        }
      },
      "18": {
        "start": {
          "line": 33,
          "column": 27
        },
        "end": {
          "line": 33,
          "column": 63
        }
      },
      "19": {
        "start": {
          "line": 36,
          "column": 16
        },
        "end": {
          "line": 36,
          "column": 97
        }
      },
      "20": {
        "start": {
          "line": 37,
          "column": 16
        },
        "end": {
          "line": 37,
          "column": 27
        }
      },
      "21": {
        "start": {
          "line": 42,
          "column": 12
        },
        "end": {
          "line": 42,
          "column": 45
        }
      },
      "22": {
        "start": {
          "line": 7,
          "column": 13
        },
        "end": {
          "line": 7,
          "column": 20
        }
      },
      "23": {
        "start": {
          "line": 45,
          "column": 0
        },
        "end": {
          "line": 45,
          "column": 7
        }
      }
    },
    "fnMap": {
      "0": {
        "name": "(anonymous_6)",
        "decl": {
          "start": {
            "line": 7,
            "column": 20
          },
          "end": {
            "line": 7,
            "column": 29
          }
        },
        "loc": {
          "start": {
            "line": 7,
            "column": 31
          },
          "end": {
            "line": 44,
            "column": 1
          }
        }
      },
      "1": {
        "name": "(anonymous_7)",
        "decl": {
          "start": {
            "line": 12,
            "column": 18
          },
          "end": {
            "line": 12,
            "column": 28
          }
        },
        "loc": {
          "start": {
            "line": 12,
            "column": 32
          },
          "end": {
            "line": 43,
            "column": 5
          }
        }
      }
    },
    "branchMap": {
      "0": {
        "loc": {
          "start": {
            "line": 15,
            "column": 8
          },
          "end": {
            "line": 42,
            "column": 45
          }
        },
        "type": "if",
        "locations": [
          {
            "start": {
              "line": 15,
              "column": 8
            },
            "end": {
              "line": 42,
              "column": 45
            }
          },
          {
            "start": {
              "line": 42,
              "column": 12
            },
            "end": {
              "line": 42,
              "column": 45
            }
          }
        ]
      },
      "1": {
        "loc": {
          "start": {
            "line": 22,
            "column": 12
          },
          "end": {
            "line": 39,
            "column": null
          }
        },
        "type": "if",
        "locations": [
          {
            "start": {
              "line": 22,
              "column": 12
            },
            "end": {
              "line": 39,
              "column": null
            }
          }
        ]
      }
    },
    "s": {
      "0": 0,
      "1": 0,
      "2": 0,
      "3": 0,
      "4": 0,
      "5": 0,
      "6": 0,
      "7": 0,
      "8": 0,
      "9": 0,
      "10": 0,
      "11": 0,
      "12": 0,
      "13": 0,
      "14": 0,
      "15": 0,
      "16": 0,
      "17": 0,
      "18": 0,
      "19": 0,
      "20": 0,
      "21": 0,
      "22": 0,
      "23": 0
    },
    "f": {
      "0": 0,
      "1": 0
    },
    "b": {
      "0": [
        0,
        0
      ],
      "1": [
        0
      ]
    }
  }
}
